<?xml version="1.0" encoding="UTF-8"?>
<!-- Generated by org.testng.reporters.JUnitReportReporter -->
<testsuite hostname="DESKTOP-73G0TGN" failures="0" tests="3" name="test.TestCaseClass" time="16.006" errors="0" timestamp="2023-09-08T18:48:08 IST" skipped="0">
  <testcase classname="test.TestCaseClass" name="loginTestCase" time="10.182"/>
  <testcase classname="test.TestCaseClass" name="dashboardTestCase" time="3.922"/>
  <testcase classname="test.TestCaseClass" name="adminTestCase" time="1.902"/>
</testsuite> <!-- test.TestCaseClass -->
